2020-02-26 20:29:24,972280 INFO [default] My first info log using default logger
2020-02-26 20:29:31,252 INFO [default] My first info log using default logger
2020-02-26 20:29:37,1 INFO [default] My first info log using default logger
2020-02-26 20:29:42,134 INFO [default] My first info log using default logger
2020-02-26 20:29:49,7 INFO [default] My first info log using default logger
%H:%m:%s INFO [default] My first info log using default logger
%H:%m:%s INFO [default] My first info log using default logger
%H:%m:%s INFO [default] My first info log using default logger
%H :%m:%s INFO [default] My first info log using default logger
%H:%m:%s INFO [default] My first info log using default logger
20:32:40 INFO [default] My first info log using default logger
0226 20:33:31 INFO [default] My first info log using default logger
02/26 20:33:46 INFO [default] My first info log using default logger
02/26 20:34:08 INFO [default] My first info log using default logger
02/26 20:40:18 INFO [default] My first info log using default logger
02/26 20:51:32 INFO [default] 
02/26 20:52:44 INFO [default] 
02/26 20:53:11 INFO [default] 
02/26 20:57:56 INFO [default] asd
02/26 20:58:43 INFO [default] test 1
02/26 20:59:09 INFO [default] test 1
02/26 20:59:09 INFO [default] test 1
02/26 21:03:07 INFO | ads
02/26 21:03:25 INFO | ads 1  asd
02/26 21:03:41 INFO | ads  asd
02/26 21:07:05 INFO | ads  asd
02/26 21:07:41 INFO | ads  asd
